0 info it worked if it ends with ok
1 verbose cli [ 'C:\\Program Files\\nodejs\\node.exe',
1 verbose cli   'C:\\Program Files\\nodejs\\node_modules\\npm\\bin\\npm-cli.js',
1 verbose cli   'start' ]
2 info using npm@3.10.10
3 info using node@v7.2.1
4 verbose run-script [ 'prestart', 'start', 'poststart' ]
5 info lifecycle reddit-enhancement-suite@5.3.0~prestart: reddit-enhancement-suite@5.3.0
6 verbose lifecycle reddit-enhancement-suite@5.3.0~prestart: unsafe-perm in lifecycle true
7 verbose lifecycle reddit-enhancement-suite@5.3.0~prestart: PATH: C:\Program Files\nodejs\node_modules\npm\bin\node-gyp-bin;C:\Users\Batman\Documents\GitHub\Reddit-Enhancement-Suite\node_modules\.bin;C:\Users\Batman\AppData\Local\GitHub\PortableGit_d7effa1a4a322478cd29c826b52a0c118ad3db11\cmd;C:\Users\Batman\AppData\Local\GitHub\PortableGit_d7effa1a4a322478cd29c826b52a0c118ad3db11\usr\bin;C:\Users\Batman\AppData\Local\GitHub\PortableGit_d7effa1a4a322478cd29c826b52a0c118ad3db11\usr\share\git-tfs;C:\Users\Batman\AppData\Local\Apps\2.0\EOCBLJYK.2Z9\MKGQ4POE.KOC\gith..tion_317444273a93ac29_0003.0003_665ccbdbd3c2d8d4;C:\Users\Batman\AppData\Local\GitHub\lfs-amd64_1.3.1;C:\Python27\;C:\Python27\Scripts;C:\ProgramData\Oracle\Java\javapath;C:\WINDOWS\system32;C:\WINDOWS;C:\WINDOWS\System32\Wbem;C:\WINDOWS\System32\WindowsPowerShell\v1.0\;C:\Program Files (x86)\Skype\Phone\;C:\Program Files (x86)\NVIDIA Corporation\PhysX\Common;C:\Program Files\Java\jdk1.8.0_73\bin;C:\WINDOWS\system32;C:\WINDOWS;C:\WINDOWS\System32\Wbem;C:\WINDOWS\System32\WindowsPowerShell\v1.0\;C:\Program Files\FileBot\;C:\Program Files (x86)\Heroku\bin;C:\Program Files (x86)\git\cmd;C:\Program Files (x86)\Git\cmd;C:\Program Files\nodejs\;C:\Users\Batman\AppData\Local\Microsoft\WindowsApps;C:\Users\Batman\AppData\Local\atom\bin;C:\Users\Batman\AppData\Roaming\npm;C:\Windows\Microsoft.NET\Framework\v4.0.30319\
8 verbose lifecycle reddit-enhancement-suite@5.3.0~prestart: CWD: C:\Users\Batman\Documents\GitHub\Reddit-Enhancement-Suite
9 silly lifecycle reddit-enhancement-suite@5.3.0~prestart: Args: [ '/d /s /c', 'rimraf dist' ]
10 silly lifecycle reddit-enhancement-suite@5.3.0~prestart: Returned: code: 1  signal: null
11 info lifecycle reddit-enhancement-suite@5.3.0~prestart: Failed to exec prestart script
12 verbose stack Error: reddit-enhancement-suite@5.3.0 prestart: `rimraf dist`
12 verbose stack Exit status 1
12 verbose stack     at EventEmitter.<anonymous> (C:\Program Files\nodejs\node_modules\npm\lib\utils\lifecycle.js:255:16)
12 verbose stack     at emitTwo (events.js:106:13)
12 verbose stack     at EventEmitter.emit (events.js:191:7)
12 verbose stack     at ChildProcess.<anonymous> (C:\Program Files\nodejs\node_modules\npm\lib\utils\spawn.js:40:14)
12 verbose stack     at emitTwo (events.js:106:13)
12 verbose stack     at ChildProcess.emit (events.js:191:7)
12 verbose stack     at maybeClose (internal/child_process.js:885:16)
12 verbose stack     at Process.ChildProcess._handle.onexit (internal/child_process.js:226:5)
13 verbose pkgid reddit-enhancement-suite@5.3.0
14 verbose cwd C:\Users\Batman\Documents\GitHub\Reddit-Enhancement-Suite
15 error Windows_NT 10.0.14393
16 error argv "C:\\Program Files\\nodejs\\node.exe" "C:\\Program Files\\nodejs\\node_modules\\npm\\bin\\npm-cli.js" "start"
17 error node v7.2.1
18 error npm  v3.10.10
19 error code ELIFECYCLE
20 error reddit-enhancement-suite@5.3.0 prestart: `rimraf dist`
20 error Exit status 1
21 error Failed at the reddit-enhancement-suite@5.3.0 prestart script 'rimraf dist'.
21 error Make sure you have the latest version of node.js and npm installed.
21 error If you do, this is most likely a problem with the reddit-enhancement-suite package,
21 error not with npm itself.
21 error Tell the author that this fails on your system:
21 error     rimraf dist
21 error You can get information on how to open an issue for this project with:
21 error     npm bugs reddit-enhancement-suite
21 error Or if that isn't available, you can get their info via:
21 error     npm owner ls reddit-enhancement-suite
21 error There is likely additional logging output above.
22 verbose exit [ 1, true ]
