C:\USERS\MICHAEL\DOCUMENTS\VISUAL STUDIO 2010\PROJECTS\BHO5\BHO5_I.C
C:\USERS\MICHAEL\DOCUMENTS\VISUAL STUDIO 2010\PROJECTS\BHO5\BHO5_I.H
C:\USERS\MICHAEL\DOCUMENTS\VISUAL STUDIO 2010\PROJECTS\BHO5\BHO5_P.C
C:\USERS\MICHAEL\DOCUMENTS\VISUAL STUDIO 2010\PROJECTS\BHO5\DEBUG\BHO5.DLL
C:\USERS\MICHAEL\DOCUMENTS\VISUAL STUDIO 2010\PROJECTS\BHO5\DEBUG\BHO5.DLL.EMBED.MANIFEST
C:\USERS\MICHAEL\DOCUMENTS\VISUAL STUDIO 2010\PROJECTS\BHO5\DEBUG\BHO5.DLL.EMBED.MANIFEST.RES
C:\USERS\MICHAEL\DOCUMENTS\VISUAL STUDIO 2010\PROJECTS\BHO5\DEBUG\BHO5.DLL.INTERMEDIATE.MANIFEST
C:\Users\Michael\Documents\Visual Studio 2010\Projects\BHO5\Debug\BHO5.exp
C:\USERS\MICHAEL\DOCUMENTS\VISUAL STUDIO 2010\PROJECTS\BHO5\DEBUG\BHO5.ILK
C:\Users\Michael\Documents\Visual Studio 2010\Projects\BHO5\Debug\BHO5.lib
C:\USERS\MICHAEL\DOCUMENTS\VISUAL STUDIO 2010\PROJECTS\BHO5\DEBUG\BHO5.OBJ
C:\USERS\MICHAEL\DOCUMENTS\VISUAL STUDIO 2010\PROJECTS\BHO5\DEBUG\BHO5.PCH
C:\USERS\MICHAEL\DOCUMENTS\VISUAL STUDIO 2010\PROJECTS\BHO5\DEBUG\BHO5.PDB
C:\USERS\MICHAEL\DOCUMENTS\VISUAL STUDIO 2010\PROJECTS\BHO5\DEBUG\BHO5.RES
C:\USERS\MICHAEL\DOCUMENTS\VISUAL STUDIO 2010\PROJECTS\BHO5\DEBUG\BHO5.TLB
C:\Users\Michael\Documents\Visual Studio 2010\Projects\BHO5\Debug\BHO5.write.1.tlog
C:\USERS\MICHAEL\DOCUMENTS\VISUAL STUDIO 2010\PROJECTS\BHO5\DEBUG\BHO5_I.OBJ
C:\Users\Michael\Documents\Visual Studio 2010\Projects\BHO5\Debug\BHO5_manifest.rc
C:\USERS\MICHAEL\DOCUMENTS\VISUAL STUDIO 2010\PROJECTS\BHO5\DEBUG\BHO5_P.OBJ
C:\USERS\MICHAEL\DOCUMENTS\VISUAL STUDIO 2010\PROJECTS\BHO5\DEBUG\BHO5PS.DLL
C:\USERS\MICHAEL\DOCUMENTS\VISUAL STUDIO 2010\PROJECTS\BHO5\DEBUG\BHO5PS.DLL.INTERMEDIATE.MANIFEST
C:\Users\Michael\Documents\Visual Studio 2010\Projects\BHO5\Debug\BHO5PS.exp
C:\Users\Michael\Documents\Visual Studio 2010\Projects\BHO5\Debug\BHO5PS.lib
C:\Users\Michael\Documents\Visual Studio 2010\Projects\BHO5\Debug\BHO5PS.write.1.tlog
C:\Users\Michael\Documents\Visual Studio 2010\Projects\BHO5\Debug\cl.command.1.tlog
C:\Users\Michael\Documents\Visual Studio 2010\Projects\BHO5\Debug\CL.read.1.tlog
C:\Users\Michael\Documents\Visual Studio 2010\Projects\BHO5\Debug\CL.write.1.tlog
C:\USERS\MICHAEL\DOCUMENTS\VISUAL STUDIO 2010\PROJECTS\BHO5\DEBUG\COMPREG.OBJ
C:\USERS\MICHAEL\DOCUMENTS\VISUAL STUDIO 2010\PROJECTS\BHO5\DEBUG\DLLDATA.OBJ
C:\USERS\MICHAEL\DOCUMENTS\VISUAL STUDIO 2010\PROJECTS\BHO5\DEBUG\DLLMAIN.OBJ
C:\Users\Michael\Documents\Visual Studio 2010\Projects\BHO5\Debug\link.5528.read.1.tlog
C:\Users\Michael\Documents\Visual Studio 2010\Projects\BHO5\Debug\link.5528.write.1.tlog
C:\Users\Michael\Documents\Visual Studio 2010\Projects\BHO5\Debug\link.5528-cvtres.read.1.tlog
C:\Users\Michael\Documents\Visual Studio 2010\Projects\BHO5\Debug\link.5528-cvtres.write.1.tlog
C:\Users\Michael\Documents\Visual Studio 2010\Projects\BHO5\Debug\link.5812.read.1.tlog
C:\Users\Michael\Documents\Visual Studio 2010\Projects\BHO5\Debug\link.5812.write.1.tlog
C:\Users\Michael\Documents\Visual Studio 2010\Projects\BHO5\Debug\link.5812-cvtres.read.1.tlog
C:\Users\Michael\Documents\Visual Studio 2010\Projects\BHO5\Debug\link.5812-cvtres.write.1.tlog
C:\Users\Michael\Documents\Visual Studio 2010\Projects\BHO5\Debug\link.command.1.tlog
C:\Users\Michael\Documents\Visual Studio 2010\Projects\BHO5\Debug\link.read.1.tlog
C:\Users\Michael\Documents\Visual Studio 2010\Projects\BHO5\Debug\link.write.1.tlog
C:\Users\Michael\Documents\Visual Studio 2010\Projects\BHO5\Debug\link-cvtres.read.1.tlog
C:\Users\Michael\Documents\Visual Studio 2010\Projects\BHO5\Debug\link-cvtres.write.1.tlog
C:\Users\Michael\Documents\Visual Studio 2010\Projects\BHO5\Debug\midl.command.1.tlog
C:\Users\Michael\Documents\Visual Studio 2010\Projects\BHO5\Debug\midl.read.1.tlog
C:\Users\Michael\Documents\Visual Studio 2010\Projects\BHO5\Debug\midl.write.1.tlog
C:\Users\Michael\Documents\Visual Studio 2010\Projects\BHO5\Debug\midl-midlc.read.1.tlog
C:\Users\Michael\Documents\Visual Studio 2010\Projects\BHO5\Debug\midl-midlc.write.1.tlog
C:\Users\Michael\Documents\Visual Studio 2010\Projects\BHO5\Debug\midl-midlc-cl.read.1.tlog
C:\Users\Michael\Documents\Visual Studio 2010\Projects\BHO5\Debug\mt.command.1.tlog
C:\Users\Michael\Documents\Visual Studio 2010\Projects\BHO5\Debug\mt.read.1.tlog
C:\Users\Michael\Documents\Visual Studio 2010\Projects\BHO5\Debug\mt.write.1.tlog
C:\Users\Michael\Documents\Visual Studio 2010\Projects\BHO5\Debug\rc.command.1.tlog
C:\Users\Michael\Documents\Visual Studio 2010\Projects\BHO5\Debug\rc.read.1.tlog
C:\Users\Michael\Documents\Visual Studio 2010\Projects\BHO5\Debug\rc.write.1.tlog
C:\USERS\MICHAEL\DOCUMENTS\VISUAL STUDIO 2010\PROJECTS\BHO5\DEBUG\RESBHO.OBJ
C:\USERS\MICHAEL\DOCUMENTS\VISUAL STUDIO 2010\PROJECTS\BHO5\DEBUG\RESIE.DLL.EMBED.MANIFEST
C:\USERS\MICHAEL\DOCUMENTS\VISUAL STUDIO 2010\PROJECTS\BHO5\DEBUG\RESIE.DLL.EMBED.MANIFEST.RES
C:\Users\Michael\Documents\Visual Studio 2010\Projects\BHO5\Debug\RESIE.dll.intermediate.manifest
C:\Users\Michael\Documents\Visual Studio 2010\Projects\BHO5\Debug\RESIE.exp
C:\Users\Michael\Documents\Visual Studio 2010\Projects\BHO5\Debug\RESIE.lib
C:\USERS\MICHAEL\DOCUMENTS\VISUAL STUDIO 2010\PROJECTS\BHO5\DEBUG\RESIE.PCH
C:\Users\Michael\Documents\Visual Studio 2010\Projects\BHO5\Debug\RESIE.pdb
C:\Users\Michael\Documents\Visual Studio 2010\Projects\BHO5\Debug\RESIE.write.1.tlog
C:\Users\Michael\Documents\Visual Studio 2010\Projects\BHO5\Debug\RESIE_manifest.rc
C:\USERS\MICHAEL\DOCUMENTS\VISUAL STUDIO 2010\PROJECTS\BHO5\DEBUG\STDAFX.OBJ
C:\Users\Michael\Documents\Visual Studio 2010\Projects\BHO5\Debug\vc100.idb
C:\USERS\MICHAEL\DOCUMENTS\VISUAL STUDIO 2010\PROJECTS\BHO5\DEBUG\VC100.PDB
