Build started 7/15/2012 2:34:11 PM.
     1>Project "C:\Users\Michael\Documents\Visual Studio 2010\Projects\BHO5\BHO5.vcxproj" on node 2 (build target(s)).
     1>InitializeBuildStatus:
         Touching "Debug\RESIE.unsuccessfulbuild".
       Midl:
         All outputs are up-to-date.
       ClCompile:
         All outputs are up-to-date.
         c:\Program Files (x86)\Microsoft Visual Studio 10.0\VC\bin\CL.exe /c /ZI /nologo /W3 /WX- /Od /Oy- /D WIN32 /D _WINDOWS /D DEBUG /D _USRDLL /D _WINDLL /D _UNICODE /D UNICODE /D _ATL_DLL /D _AFXDLL /Gm /EHsc /RTC1 /MDd /GS /fp:precise /Zc:wchar_t /Zc:forScope /Yu"StdAfx.h" /Fp"Debug\RESIE.pch" /Fo"Debug\\" /Fd"Debug\vc100.pdb" /Gd /TP /analyze- /errorReport:prompt RESBHO.cpp
         RESBHO.cpp
     1>c:\users\michael\documents\visual studio 2010\projects\bho5\resbho.cpp(8): warning C4018: '<' : signed/unsigned mismatch
     1>c:\users\michael\documents\visual studio 2010\projects\bho5\resbho.cpp(8): warning C4018: '<' : signed/unsigned mismatch
         All outputs are up-to-date.
         c:\Program Files (x86)\Microsoft Visual Studio 10.0\VC\bin\CL.exe /c /ZI /nologo /W3 /WX- /Od /Oy- /D WIN32 /D _WINDOWS /D DEBUG /D _USRDLL /D _WINDLL /D _UNICODE /D UNICODE /D _ATL_DLL /D _AFXDLL /Gm /EHsc /RTC1 /MDd /GS /fp:precise /Zc:wchar_t /Zc:forScope /Fo"Debug\\" /Fd"Debug\vc100.pdb" /Gd /TC /analyze- /errorReport:prompt BHO5_i.c
         BHO5_i.c
         All outputs are up-to-date.
       ResourceCompile:
         All outputs are up-to-date.
       ManifestResourceCompile:
         All outputs are up-to-date.
       Link:
         c:\Program Files (x86)\Microsoft Visual Studio 10.0\VC\bin\link.exe /ERRORREPORT:PROMPT /OUT:"C:\Users\Michael\Documents\Visual Studio 2010\Projects\BHO5\Debug\RESIE.dll" /INCREMENTAL /NOLOGO comsvcs.lib /DEF:".\BHO5.def" /MANIFEST /ManifestFile:"Debug\RESIE.dll.intermediate.manifest" /MANIFESTUAC:"level='asInvoker' uiAccess='false'" /DEBUG /PDB:"C:\Users\Michael\Documents\Visual Studio 2010\Projects\BHO5\Debug\RESIE.pdb" /SUBSYSTEM:WINDOWS /TLBID:1 /DYNAMICBASE /NXCOMPAT /MACHINE:X86 /DLL Debug\BHO5.res
         Debug\RESIE.dll.embed.manifest.res
         Debug\BHO5.obj
         Debug\BHO5_i.obj
         Debug\compreg.obj
         Debug\dllmain.obj
         Debug\RESBHO.obj
         Debug\stdafx.obj
            Creating library C:\Users\Michael\Documents\Visual Studio 2010\Projects\BHO5\Debug\RESIE.lib and object C:\Users\Michael\Documents\Visual Studio 2010\Projects\BHO5\Debug\RESIE.exp
       Manifest:
         C:\Program Files (x86)\Microsoft SDKs\Windows\v7.0A\bin\mt.exe /nologo /verbose /out:"Debug\RESIE.dll.embed.manifest" /manifest Debug\RESIE.dll.intermediate.manifest "c:\Program Files (x86)\Microsoft Visual Studio 10.0\VC\Include\Manifest\dpiaware.manifest"
         C:\Program Files (x86)\Microsoft SDKs\Windows\v7.0A\bin\rc.exe /nologo /fo"Debug\RESIE.dll.embed.manifest.res" Debug\RESIE_manifest.rc 
       LinkEmbedManifest:
         c:\Program Files (x86)\Microsoft Visual Studio 10.0\VC\bin\link.exe /ERRORREPORT:PROMPT /OUT:"C:\Users\Michael\Documents\Visual Studio 2010\Projects\BHO5\Debug\RESIE.dll" /INCREMENTAL /NOLOGO comsvcs.lib /DEF:".\BHO5.def" /MANIFEST /ManifestFile:"Debug\RESIE.dll.intermediate.manifest" /MANIFESTUAC:"level='asInvoker' uiAccess='false'" /DEBUG /PDB:"C:\Users\Michael\Documents\Visual Studio 2010\Projects\BHO5\Debug\RESIE.pdb" /SUBSYSTEM:WINDOWS /TLBID:1 /DYNAMICBASE /NXCOMPAT /MACHINE:X86 /DLL Debug\BHO5.res
         Debug\RESIE.dll.embed.manifest.res
         Debug\BHO5.obj
         Debug\BHO5_i.obj
         Debug\compreg.obj
         Debug\dllmain.obj
         Debug\RESBHO.obj
         Debug\stdafx.obj
         BHO5.vcxproj -> C:\Users\Michael\Documents\Visual Studio 2010\Projects\BHO5\Debug\RESIE.dll
       RegisterOutput:
         regsvr32 /s "C:\Users\Michael\Documents\Visual Studio 2010\Projects\BHO5\Debug\RESIE.dll"
       FinalizeBuildStatus:
         Deleting file "Debug\RESIE.unsuccessfulbuild".
         Touching "Debug\RESIE.lastbuildstate".
     1>Done Building Project "C:\Users\Michael\Documents\Visual Studio 2010\Projects\BHO5\BHO5.vcxproj" (build target(s)).

Build succeeded.

Time Elapsed 00:00:01.87
