Build started 7/15/2012 2:34:13 PM.
     1>Project "C:\Users\Michael\Documents\Visual Studio 2010\Projects\BHO5\BHO5PS.vcxproj" on node 3 (build target(s)).
     1>InitializeBuildStatus:
         Creating "Debug\BHO5PS.unsuccessfulbuild" because "AlwaysCreate" was specified.
       PreBuildEvent:
         Description: Checking for required files
         if exist dlldata.c goto :END
         echo Error: MIDL will not generate DLLDATA.C unless you have at least 1 interface in the main project.
         Exit 1
         :END
         
         :VCEnd
       ClCompile:
         All outputs are up-to-date.
         c:\Program Files (x86)\Microsoft Visual Studio 10.0\VC\bin\CL.exe /c /ZI /nologo /W1 /WX- /Od /Oy- /D WIN32 /D REGISTER_PROXY_DLL /D _DEBUG /D _WINDLL /D _UNICODE /D UNICODE /Gm /EHsc /RTC1 /MDd /GS /fp:precise /Zc:wchar_t /Zc:forScope /Fo"Debug\\" /Fd"Debug\vc100.pdb" /Gd /TC /analyze- /errorReport:prompt BHO5_i.c
         BHO5_i.c
       Link:
         c:\Program Files (x86)\Microsoft Visual Studio 10.0\VC\bin\link.exe /ERRORREPORT:PROMPT /OUT:"C:\Users\Michael\Documents\Visual Studio 2010\Projects\BHO5\Debug\BHO5PS.dll" /NOLOGO kernel32.lib rpcns4.lib rpcrt4.lib oleaut32.lib uuid.lib ole32.lib advapi32.lib comsvcs.lib kernel32.lib user32.lib gdi32.lib winspool.lib comdlg32.lib advapi32.lib shell32.lib ole32.lib oleaut32.lib uuid.lib odbc32.lib odbccp32.lib /DEF:"BHO5PS.def" /MANIFEST /ManifestFile:"Debug\BHO5PS.dll.intermediate.manifest" /MANIFESTUAC:"level='asInvoker' uiAccess='false'" /PDB:"C:\Users\Michael\Documents\Visual Studio 2010\Projects\BHO5\Debug\BHO5PS.pdb" /TLBID:1 /DYNAMICBASE /NXCOMPAT /IMPLIB:"C:\Users\Michael\Documents\Visual Studio 2010\Projects\BHO5\Debug\BHO5PS.lib" /MACHINE:X86 /DLL Debug\BHO5_i.obj
         Debug\BHO5_p.obj
         Debug\dlldata.obj
     1>BHO5_i.obj : warning LNK4075: ignoring '/EDITANDCONTINUE' due to '/OPT:ICF' specification
            Creating library C:\Users\Michael\Documents\Visual Studio 2010\Projects\BHO5\Debug\BHO5PS.lib and object C:\Users\Michael\Documents\Visual Studio 2010\Projects\BHO5\Debug\BHO5PS.exp
         BHO5PS.vcxproj -> C:\Users\Michael\Documents\Visual Studio 2010\Projects\BHO5\Debug\BHO5PS.dll
       Manifest:
         C:\Program Files (x86)\Microsoft SDKs\Windows\v7.0A\bin\mt.exe /nologo /verbose /outputresource:"C:\Users\Michael\Documents\Visual Studio 2010\Projects\BHO5\Debug\BHO5PS.dll;#2" /manifest Debug\BHO5PS.dll.intermediate.manifest
       RegisterOutput:
         regsvr32 /s "C:\Users\Michael\Documents\Visual Studio 2010\Projects\BHO5\Debug\BHO5PS.dll"
       FinalizeBuildStatus:
         Deleting file "Debug\BHO5PS.unsuccessfulbuild".
         Touching "Debug\BHO5PS.lastbuildstate".
     1>Done Building Project "C:\Users\Michael\Documents\Visual Studio 2010\Projects\BHO5\BHO5PS.vcxproj" (build target(s)).

Build succeeded.

Time Elapsed 00:00:00.76
