0 info it worked if it ends with ok
1 verbose cli [ '/usr/bin/nodejs',
1 verbose cli   '/usr/bin/npm',
1 verbose cli   'run',
1 verbose cli   'autoi18n',
1 verbose cli   '--',
1 verbose cli   './xPostLinks.js' ]
2 info using npm@4.0.5
3 info using node@v6.9.1
4 verbose run-script [ 'preautoi18n', 'autoi18n', 'postautoi18n' ]
5 info lifecycle reddit-enhancement-suite@5.3.6~preautoi18n: reddit-enhancement-suite@5.3.6
6 silly lifecycle reddit-enhancement-suite@5.3.6~preautoi18n: no script for preautoi18n, continuing
7 info lifecycle reddit-enhancement-suite@5.3.6~autoi18n: reddit-enhancement-suite@5.3.6
8 verbose lifecycle reddit-enhancement-suite@5.3.6~autoi18n: unsafe-perm in lifecycle true
9 verbose lifecycle reddit-enhancement-suite@5.3.6~autoi18n: PATH: /usr/lib/node_modules/npm/bin/node-gyp-bin:/mnt/d/projects/Other/Reddit-Enhancement-Suite/node_modules/.bin:/usr/local/sbin:/usr/local/bin:/usr/sbin:/usr/bin:/sbin:/bin:/usr/games:/usr/local/games:/mnt/d/Program Files/NVIDIA GPU Computing Toolkit/CUDA/v8.0/bin:/mnt/d/Program Files/NVIDIA GPU Computing Toolkit/CUDA/v8.0/libnvvp:/mnt/d/Python27:/mnt/d/Python27/Scripts:/mnt/c/ProgramData/Oracle/Java/javapath_target_435890:/mnt/c/Program Files (x86)/Intel/iCLS Client:/mnt/c/Windows/System32:/mnt/c/Windows:/mnt/c/Windows/System32/wbem:/mnt/c/Windows/System32/WindowsPowerShell/v1.0:/mnt/c/Program Files (x86)/Intel/Intel(R) Management Engine Components/DAL:/mnt/c/Program Files (x86)/Intel/Intel(R) Management Engine Components/IPT:/mnt/c/Program Files (x86)/GtkSharp/2.12/bin:/mnt/c/Program Files (x86)/Microsoft SQL Server/130/Tools/Binn:/mnt/c/Program Files/Microsoft SQL Server/130/Tools/Binn:/mnt/c/Program Files (x86)/Microsoft SQL Server/130/DTS/Binn:/mnt/c/Program Files (x86)/Microsoft SQL Server/110/DTS/Binn:/mnt/c/Program Files (x86)/Microsoft SQL Server/120/DTS/Binn:/mnt/d/Program Files/Git/cmd:/mnt/c/Program Files/Microsoft DNX/Dnvm:/mnt/c/Program Files (x86)/NVIDIA Corporation/PhysX/Common:/mnt/c/Windows/System32:/mnt/c/Windows:/mnt/c/Windows/System32/wbem:/mnt/c/Windows/System32/WindowsPowerShell/v1.0:/mnt/d/Program Files (x86)/GNU/GnuPG/pub:/mnt/d/Program Files/nodejs:/mnt/c/Program Files/Intel/WiFi/bin:/mnt/c/Program Files/Common Files/Intel/WirelessCommon:/mnt/d/Program Files (x86)/Microsoft Team Foundation Server 2015 Power Tools:/mnt/c/Program Files/Microsoft DNX/Dnvm:/mnt/c/Program Files/Microsoft SQL Server/120/Tools/Binn:/mnt/d/Users/Leo/AppData/Local/Programs/Python/Python36-32/Scripts:/mnt/d/Users/Leo/AppData/Local/Programs/Python/Python36-32:/mnt/d/Users/Leo/Anaconda3:/mnt/d/Users/Leo/Anaconda3/Scripts:/mnt/d/Users/Leo/Anaconda3/Library/bin:/mnt/d/Users/Leo/AppData/Local/Programs/Python/Python35-32/Scripts:/mnt/d/Users/Leo/AppData/Local/Programs/Python/Python35-32:/mnt/c/Users/Leo/AppData/Local/Microsoft/WindowsApps:/mnt/c/Users/Leo/AppData/Local/atom/bin:/mnt/d/Android/Sdk/platform-tools:/mnt/c/Users/Leo/AppData/Roaming/npm:/mnt/c/Program Files/Intel/WiFi/bin:/mnt/c/Program Files/Common Files/Intel/WirelessCommon:/mnt/d/Program Files (x86)/mitmproxy/bi:/home/whonix/.rvm/bin
10 verbose lifecycle reddit-enhancement-suite@5.3.6~autoi18n: CWD: /mnt/d/projects/Other/Reddit-Enhancement-Suite
11 silly lifecycle reddit-enhancement-suite@5.3.6~autoi18n: Args: [ '-c',
11 silly lifecycle   'jscodeshift --parser flow --transform utils/i18nTransformer.js "./xPostLinks.js"' ]
12 silly lifecycle reddit-enhancement-suite@5.3.6~autoi18n: Returned: code: 0  signal: null
13 info lifecycle reddit-enhancement-suite@5.3.6~postautoi18n: reddit-enhancement-suite@5.3.6
14 verbose lifecycle reddit-enhancement-suite@5.3.6~postautoi18n: unsafe-perm in lifecycle true
15 verbose lifecycle reddit-enhancement-suite@5.3.6~postautoi18n: PATH: /usr/lib/node_modules/npm/bin/node-gyp-bin:/mnt/d/projects/Other/Reddit-Enhancement-Suite/node_modules/.bin:/usr/local/sbin:/usr/local/bin:/usr/sbin:/usr/bin:/sbin:/bin:/usr/games:/usr/local/games:/mnt/d/Program Files/NVIDIA GPU Computing Toolkit/CUDA/v8.0/bin:/mnt/d/Program Files/NVIDIA GPU Computing Toolkit/CUDA/v8.0/libnvvp:/mnt/d/Python27:/mnt/d/Python27/Scripts:/mnt/c/ProgramData/Oracle/Java/javapath_target_435890:/mnt/c/Program Files (x86)/Intel/iCLS Client:/mnt/c/Windows/System32:/mnt/c/Windows:/mnt/c/Windows/System32/wbem:/mnt/c/Windows/System32/WindowsPowerShell/v1.0:/mnt/c/Program Files (x86)/Intel/Intel(R) Management Engine Components/DAL:/mnt/c/Program Files (x86)/Intel/Intel(R) Management Engine Components/IPT:/mnt/c/Program Files (x86)/GtkSharp/2.12/bin:/mnt/c/Program Files (x86)/Microsoft SQL Server/130/Tools/Binn:/mnt/c/Program Files/Microsoft SQL Server/130/Tools/Binn:/mnt/c/Program Files (x86)/Microsoft SQL Server/130/DTS/Binn:/mnt/c/Program Files (x86)/Microsoft SQL Server/110/DTS/Binn:/mnt/c/Program Files (x86)/Microsoft SQL Server/120/DTS/Binn:/mnt/d/Program Files/Git/cmd:/mnt/c/Program Files/Microsoft DNX/Dnvm:/mnt/c/Program Files (x86)/NVIDIA Corporation/PhysX/Common:/mnt/c/Windows/System32:/mnt/c/Windows:/mnt/c/Windows/System32/wbem:/mnt/c/Windows/System32/WindowsPowerShell/v1.0:/mnt/d/Program Files (x86)/GNU/GnuPG/pub:/mnt/d/Program Files/nodejs:/mnt/c/Program Files/Intel/WiFi/bin:/mnt/c/Program Files/Common Files/Intel/WirelessCommon:/mnt/d/Program Files (x86)/Microsoft Team Foundation Server 2015 Power Tools:/mnt/c/Program Files/Microsoft DNX/Dnvm:/mnt/c/Program Files/Microsoft SQL Server/120/Tools/Binn:/mnt/d/Users/Leo/AppData/Local/Programs/Python/Python36-32/Scripts:/mnt/d/Users/Leo/AppData/Local/Programs/Python/Python36-32:/mnt/d/Users/Leo/Anaconda3:/mnt/d/Users/Leo/Anaconda3/Scripts:/mnt/d/Users/Leo/Anaconda3/Library/bin:/mnt/d/Users/Leo/AppData/Local/Programs/Python/Python35-32/Scripts:/mnt/d/Users/Leo/AppData/Local/Programs/Python/Python35-32:/mnt/c/Users/Leo/AppData/Local/Microsoft/WindowsApps:/mnt/c/Users/Leo/AppData/Local/atom/bin:/mnt/d/Android/Sdk/platform-tools:/mnt/c/Users/Leo/AppData/Roaming/npm:/mnt/c/Program Files/Intel/WiFi/bin:/mnt/c/Program Files/Common Files/Intel/WirelessCommon:/mnt/d/Program Files (x86)/mitmproxy/bi:/home/whonix/.rvm/bin
16 verbose lifecycle reddit-enhancement-suite@5.3.6~postautoi18n: CWD: /mnt/d/projects/Other/Reddit-Enhancement-Suite
17 silly lifecycle reddit-enhancement-suite@5.3.6~postautoi18n: Args: [ '-c', 'eslint --fix lib/modules/*.js' ]
18 silly lifecycle reddit-enhancement-suite@5.3.6~postautoi18n: Returned: code: 1  signal: null
19 info lifecycle reddit-enhancement-suite@5.3.6~postautoi18n: Failed to exec postautoi18n script
20 verbose stack Error: reddit-enhancement-suite@5.3.6 postautoi18n: `eslint --fix lib/modules/*.js`
20 verbose stack Exit status 1
20 verbose stack     at EventEmitter.<anonymous> (/usr/lib/node_modules/npm/lib/utils/lifecycle.js:279:16)
20 verbose stack     at emitTwo (events.js:106:13)
20 verbose stack     at EventEmitter.emit (events.js:191:7)
20 verbose stack     at ChildProcess.<anonymous> (/usr/lib/node_modules/npm/lib/utils/spawn.js:40:14)
20 verbose stack     at emitTwo (events.js:106:13)
20 verbose stack     at ChildProcess.emit (events.js:191:7)
20 verbose stack     at maybeClose (internal/child_process.js:877:16)
20 verbose stack     at Process.ChildProcess._handle.onexit (internal/child_process.js:226:5)
21 verbose pkgid reddit-enhancement-suite@5.3.6
22 verbose cwd /mnt/d/projects/Other/Reddit-Enhancement-Suite/lib/modules
23 error Linux 4.4.0-43-Microsoft
24 error argv "/usr/bin/nodejs" "/usr/bin/npm" "run" "autoi18n" "--" "./xPostLinks.js"
25 error node v6.9.1
26 error npm  v4.0.5
27 error code ELIFECYCLE
28 error reddit-enhancement-suite@5.3.6 postautoi18n: `eslint --fix lib/modules/*.js`
28 error Exit status 1
29 error Failed at the reddit-enhancement-suite@5.3.6 postautoi18n script 'eslint --fix lib/modules/*.js'.
29 error Make sure you have the latest version of node.js and npm installed.
29 error If you do, this is most likely a problem with the reddit-enhancement-suite package,
29 error not with npm itself.
29 error Tell the author that this fails on your system:
29 error     eslint --fix lib/modules/*.js
29 error You can get information on how to open an issue for this project with:
29 error     npm bugs reddit-enhancement-suite
29 error Or if that isn't available, you can get their info via:
29 error     npm owner ls reddit-enhancement-suite
29 error There is likely additional logging output above.
30 verbose exit [ 1, true ]
