C:\USERS\MICHAEL\DOCUMENTS\VISUAL STUDIO 2010\PROJECTS\BHO5\BHO5_I.C
C:\USERS\MICHAEL\DOCUMENTS\VISUAL STUDIO 2010\PROJECTS\BHO5\BHO5_I.H
C:\USERS\MICHAEL\DOCUMENTS\VISUAL STUDIO 2010\PROJECTS\BHO5\BHO5_P.C
C:\USERS\MICHAEL\DOCUMENTS\VISUAL STUDIO 2010\PROJECTS\BHO5\RELEASE\BHO5.DLL
C:\USERS\MICHAEL\DOCUMENTS\VISUAL STUDIO 2010\PROJECTS\BHO5\RELEASE\BHO5.DLL.INTERMEDIATE.MANIFEST
C:\Users\Michael\Documents\Visual Studio 2010\Projects\BHO5\Release\BHO5.exp
C:\Users\Michael\Documents\Visual Studio 2010\Projects\BHO5\Release\BHO5.lib
C:\USERS\MICHAEL\DOCUMENTS\VISUAL STUDIO 2010\PROJECTS\BHO5\RELEASE\BHO5.OBJ
C:\USERS\MICHAEL\DOCUMENTS\VISUAL STUDIO 2010\PROJECTS\BHO5\RELEASE\BHO5.PCH
C:\USERS\MICHAEL\DOCUMENTS\VISUAL STUDIO 2010\PROJECTS\BHO5\RELEASE\BHO5.PDB
C:\USERS\MICHAEL\DOCUMENTS\VISUAL STUDIO 2010\PROJECTS\BHO5\RELEASE\BHO5.RES
C:\USERS\MICHAEL\DOCUMENTS\VISUAL STUDIO 2010\PROJECTS\BHO5\RELEASE\BHO5.TLB
C:\Users\Michael\Documents\Visual Studio 2010\Projects\BHO5\Release\BHO5.write.1.tlog
C:\USERS\MICHAEL\DOCUMENTS\VISUAL STUDIO 2010\PROJECTS\BHO5\RELEASE\BHO5_I.OBJ
C:\Users\Michael\Documents\Visual Studio 2010\Projects\BHO5\Release\cl.command.1.tlog
C:\Users\Michael\Documents\Visual Studio 2010\Projects\BHO5\Release\CL.read.1.tlog
C:\Users\Michael\Documents\Visual Studio 2010\Projects\BHO5\Release\CL.write.1.tlog
C:\USERS\MICHAEL\DOCUMENTS\VISUAL STUDIO 2010\PROJECTS\BHO5\RELEASE\COMPREG.OBJ
C:\USERS\MICHAEL\DOCUMENTS\VISUAL STUDIO 2010\PROJECTS\BHO5\RELEASE\DLLMAIN.OBJ
C:\Users\Michael\Documents\Visual Studio 2010\Projects\BHO5\Release\link.command.1.tlog
C:\Users\Michael\Documents\Visual Studio 2010\Projects\BHO5\Release\link.read.1.tlog
C:\Users\Michael\Documents\Visual Studio 2010\Projects\BHO5\Release\link.write.1.tlog
C:\Users\Michael\Documents\Visual Studio 2010\Projects\BHO5\Release\link-cvtres.read.1.tlog
C:\Users\Michael\Documents\Visual Studio 2010\Projects\BHO5\Release\link-cvtres.write.1.tlog
C:\Users\Michael\Documents\Visual Studio 2010\Projects\BHO5\Release\midl.command.1.tlog
C:\Users\Michael\Documents\Visual Studio 2010\Projects\BHO5\Release\midl.read.1.tlog
C:\Users\Michael\Documents\Visual Studio 2010\Projects\BHO5\Release\midl.write.1.tlog
C:\Users\Michael\Documents\Visual Studio 2010\Projects\BHO5\Release\midl-midlc.read.1.tlog
C:\Users\Michael\Documents\Visual Studio 2010\Projects\BHO5\Release\midl-midlc.write.1.tlog
C:\Users\Michael\Documents\Visual Studio 2010\Projects\BHO5\Release\midl-midlc-cl.read.1.tlog
C:\Users\Michael\Documents\Visual Studio 2010\Projects\BHO5\Release\mt.command.1.tlog
C:\Users\Michael\Documents\Visual Studio 2010\Projects\BHO5\Release\mt.read.1.tlog
C:\Users\Michael\Documents\Visual Studio 2010\Projects\BHO5\Release\mt.write.1.tlog
C:\Users\Michael\Documents\Visual Studio 2010\Projects\BHO5\Release\rc.command.1.tlog
C:\Users\Michael\Documents\Visual Studio 2010\Projects\BHO5\Release\rc.read.1.tlog
C:\Users\Michael\Documents\Visual Studio 2010\Projects\BHO5\Release\rc.write.1.tlog
C:\USERS\MICHAEL\DOCUMENTS\VISUAL STUDIO 2010\PROJECTS\BHO5\RELEASE\RESBHO.OBJ
C:\USERS\MICHAEL\DOCUMENTS\VISUAL STUDIO 2010\PROJECTS\BHO5\RELEASE\STDAFX.OBJ
C:\USERS\MICHAEL\DOCUMENTS\VISUAL STUDIO 2010\PROJECTS\BHO5\RELEASE\VC100.PDB
