Build started 5/14/2012 9:12:37 PM.
     1>Project "C:\Users\Michael\Documents\Visual Studio 2010\Projects\BHO5\BHO5PS.vcxproj" on node 3 (rebuild target(s)).
     1>_PrepareForClean:
         Deleting file "Release\BHO5PS.lastbuildstate".
       InitializeBuildStatus:
         Creating "Release\BHO5PS.unsuccessfulbuild" because "AlwaysCreate" was specified.
       PreBuildEvent:
         Description: Checking for required files
         if exist dlldata.c goto :END
         echo Error: MIDL will not generate DLLDATA.C unless you have at least 1 interface in the main project.
         Exit 1
         :END
         
         :VCEnd
       ClCompile:
         c:\Program Files (x86)\Microsoft Visual Studio 10.0\VC\bin\CL.exe /c /Zi /nologo /W1 /WX- /O2 /Oy- /D WIN32 /D REGISTER_PROXY_DLL /D NDEBUG /D _WINDLL /D _UNICODE /D UNICODE /Gm- /EHsc /MD /GS /fp:precise /Zc:wchar_t /Zc:forScope /Fo"Release\\" /Fd"Release\vc100.pdb" /Gd /TC /analyze- /errorReport:prompt BHO5_i.c BHO5_p.c dlldata.c
         BHO5_i.c
     1>c1 : fatal error C1083: Cannot open source file: 'BHO5_i.c': No such file or directory
         BHO5_p.c
     1>c1 : fatal error C1083: Cannot open source file: 'BHO5_p.c': No such file or directory
         dlldata.c
         Generating Code...
     1>Done Building Project "C:\Users\Michael\Documents\Visual Studio 2010\Projects\BHO5\BHO5PS.vcxproj" (rebuild target(s)) -- FAILED.

Build FAILED.

Time Elapsed 00:00:00.92
