Build started 5/14/2012 9:50:05 PM.
     1>Project "C:\Users\Michael\Documents\Visual Studio 2010\Projects\BHO5\BHO5.vcxproj" on node 2 (build target(s)).
     1>InitializeBuildStatus:
         Creating "Release\BHO5.unsuccessfulbuild" because "AlwaysCreate" was specified.
       Midl:
         All outputs are up-to-date.
       ClCompile:
         All outputs are up-to-date.
         c:\Program Files (x86)\Microsoft Visual Studio 10.0\VC\bin\CL.exe /c /Zi /nologo /W3 /WX- /O2 /Oy- /D WIN32 /D _WINDOWS /D NDEBUG /D _USRDLL /D _WINDLL /D _UNICODE /D UNICODE /D _ATL_DLL /D _AFXDLL /Gm- /EHsc /MD /GS /fp:precise /Zc:wchar_t /Zc:forScope /Yu"StdAfx.h" /Fp"Release\BHO5.pch" /Fo"Release\\" /Fd"Release\vc100.pdb" /Gd /TP /analyze- /errorReport:prompt RESBHO.cpp
         RESBHO.cpp
     1>c:\users\michael\documents\visual studio 2010\projects\bho5\resbho.cpp(11): warning C4700: uninitialized local variable 'prefixArr' used
     1>c:\users\michael\documents\visual studio 2010\projects\bho5\resbho.cpp(12): warning C4700: uninitialized local variable 'dataArr' used
         All outputs are up-to-date.
         All outputs are up-to-date.
       ResourceCompile:
         All outputs are up-to-date.
       Link:
         c:\Program Files (x86)\Microsoft Visual Studio 10.0\VC\bin\link.exe /ERRORREPORT:PROMPT /OUT:"C:\Users\Michael\Documents\Visual Studio 2010\Projects\BHO5\Release\BHO5.dll" /INCREMENTAL:NO /NOLOGO comsvcs.lib /DEF:".\BHO5.def" /MANIFEST /ManifestFile:"Release\BHO5.dll.intermediate.manifest" /MANIFESTUAC:"level='asInvoker' uiAccess='false'" /DEBUG /PDB:"C:\Users\Michael\Documents\Visual Studio 2010\Projects\BHO5\Release\BHO5.pdb" /SUBSYSTEM:WINDOWS /OPT:REF /OPT:ICF /TLBID:1 /DYNAMICBASE /NXCOMPAT /MACHINE:X86 /DLL Release\BHO5.res
         Release\BHO5.obj
         Release\BHO5_i.obj
         Release\compreg.obj
         Release\dllmain.obj
         Release\RESBHO.obj
         Release\stdafx.obj
            Creating library C:\Users\Michael\Documents\Visual Studio 2010\Projects\BHO5\Release\BHO5.lib and object C:\Users\Michael\Documents\Visual Studio 2010\Projects\BHO5\Release\BHO5.exp
         BHO5.vcxproj -> C:\Users\Michael\Documents\Visual Studio 2010\Projects\BHO5\Release\BHO5.dll
       Manifest:
         C:\Program Files (x86)\Microsoft SDKs\Windows\v7.0A\bin\mt.exe /nologo /verbose /outputresource:"C:\Users\Michael\Documents\Visual Studio 2010\Projects\BHO5\Release\BHO5.dll;#2" /manifest Release\BHO5.dll.intermediate.manifest "c:\Program Files (x86)\Microsoft Visual Studio 10.0\VC\Include\Manifest\dpiaware.manifest"
       RegisterOutput:
         regsvr32 /s "C:\Users\Michael\Documents\Visual Studio 2010\Projects\BHO5\Release\BHO5.dll"
       FinalizeBuildStatus:
         Deleting file "Release\BHO5.unsuccessfulbuild".
         Touching "Release\BHO5.lastbuildstate".
     1>Done Building Project "C:\Users\Michael\Documents\Visual Studio 2010\Projects\BHO5\BHO5.vcxproj" (build target(s)).

Build succeeded.

Time Elapsed 00:00:02.33
